Performing C SOURCE FILE Test CMAKE_HAVE_LIBC_PTHREAD failed with the following output:
Change Dir: C:/Users/mirai/Downloads/CompGrafica/Chemistry/build/CMakeFiles/CMakeScratch/TryCompile-38ocpw

Run Build Command(s):C:/Program Files/Microsoft Visual Studio/2022/Community/MSBuild/Current/Bin/amd64/MSBuild.exe cmTC_f750c.vcxproj /p:Configuration=Debug /p:Platform=win32 /p:VisualStudioVersion=17.0 /v:m && MSBuild version 17.4.1+9a89d02ff for .NET Framework
  Microsoft (R) C/C++ Optimizing Compiler Versão 19.34.31937 para x86
  src.c
  Copyright (C) Microsoft Corporation. Todos os direitos reservados.
  cl /c /Zi /W1 /WX- /diagnostics:column /Od /Ob0 /Oy- /D _MBCS /D WIN32 /D _WINDOWS /D CMAKE_HAVE_LIBC_PTHREAD /D "CMAKE_INTDIR=\"Debug\"" /Gm- /RTC1 /MDd /GS /fp:precise /Zc:wchar_t /Zc:forScope /Zc:inline /Fo"cmTC_f750c.dir\Debug\\" /Fd"cmTC_f750c.dir\Debug\vc143.pdb" /external:W1 /Gd /TC /analyze- /errorReport:queue "C:\Users\mirai\Downloads\CompGrafica\Chemistry\build\CMakeFiles\CMakeScratch\TryCompile-38ocpw\src.c"
C:\Users\mirai\Downloads\CompGrafica\Chemistry\build\CMakeFiles\CMakeScratch\TryCompile-38ocpw\src.c(1,10): fatal  error C1083: Não é possível abrir arquivo incluir: 'pthread.h': No such file or directory [C:\Users\mirai\Downloads\CompGrafica\Chemistry\build\CMakeFiles\CMakeScratch\TryCompile-38ocpw\cmTC_f750c.vcxproj]


Source file was:
#include <pthread.h>

static void* test_func(void* data)
{
  return data;
}

int main(void)
{
  pthread_t thread;
  pthread_create(&thread, NULL, test_func, NULL);
  pthread_detach(thread);
  pthread_cancel(thread);
  pthread_join(thread, NULL);
  pthread_atfork(NULL, NULL, NULL);
  pthread_exit(NULL);

  return 0;
}


Determining if the function pthread_create exists in the pthreads failed with the following output:
Change Dir: C:/Users/mirai/Downloads/CompGrafica/Chemistry/build/CMakeFiles/CMakeScratch/TryCompile-36t32z

Run Build Command(s):C:/Program Files/Microsoft Visual Studio/2022/Community/MSBuild/Current/Bin/amd64/MSBuild.exe cmTC_90761.vcxproj /p:Configuration=Debug /p:Platform=win32 /p:VisualStudioVersion=17.0 /v:m && MSBuild version 17.4.1+9a89d02ff for .NET Framework
  Microsoft (R) C/C++ Optimizing Compiler Versão 19.34.31937 para x86
  CheckFunctionExists.c
  Copyright (C) Microsoft Corporation. Todos os direitos reservados.
  cl /c /Zi /W1 /WX- /diagnostics:column /Od /Ob0 /Oy- /D _MBCS /D WIN32 /D _WINDOWS /D CHECK_FUNCTION_EXISTS=pthread_create /D "CMAKE_INTDIR=\"Debug\"" /Gm- /RTC1 /MDd /GS /fp:precise /Zc:wchar_t /Zc:forScope /Zc:inline /Fo"cmTC_90761.dir\Debug\\" /Fd"cmTC_90761.dir\Debug\vc143.pdb" /external:W1 /Gd /TC /analyze- /errorReport:queue "C:\Users\mirai\Downloads\CompGrafica\Chemistry\build\CMakeFiles\CMakeScratch\TryCompile-36t32z\CheckFunctionExists.c"
LINK : fatal error LNK1104: não é possível abrir o arquivo 'pthreads.lib' [C:\Users\mirai\Downloads\CompGrafica\Chemistry\build\CMakeFiles\CMakeScratch\TryCompile-36t32z\cmTC_90761.vcxproj]



Determining if the function pthread_create exists in the pthread failed with the following output:
Change Dir: C:/Users/mirai/Downloads/CompGrafica/Chemistry/build/CMakeFiles/CMakeScratch/TryCompile-yftelt

Run Build Command(s):C:/Program Files/Microsoft Visual Studio/2022/Community/MSBuild/Current/Bin/amd64/MSBuild.exe cmTC_7545e.vcxproj /p:Configuration=Debug /p:Platform=win32 /p:VisualStudioVersion=17.0 /v:m && MSBuild version 17.4.1+9a89d02ff for .NET Framework
  Microsoft (R) C/C++ Optimizing Compiler Versão 19.34.31937 para x86
  CheckFunctionExists.c
  Copyright (C) Microsoft Corporation. Todos os direitos reservados.
  cl /c /Zi /W1 /WX- /diagnostics:column /Od /Ob0 /Oy- /D _MBCS /D WIN32 /D _WINDOWS /D CHECK_FUNCTION_EXISTS=pthread_create /D "CMAKE_INTDIR=\"Debug\"" /Gm- /RTC1 /MDd /GS /fp:precise /Zc:wchar_t /Zc:forScope /Zc:inline /Fo"cmTC_7545e.dir\Debug\\" /Fd"cmTC_7545e.dir\Debug\vc143.pdb" /external:W1 /Gd /TC /analyze- /errorReport:queue "C:\Users\mirai\Downloads\CompGrafica\Chemistry\build\CMakeFiles\CMakeScratch\TryCompile-yftelt\CheckFunctionExists.c"
LINK : fatal error LNK1104: não é possível abrir o arquivo 'pthread.lib' [C:\Users\mirai\Downloads\CompGrafica\Chemistry\build\CMakeFiles\CMakeScratch\TryCompile-yftelt\cmTC_7545e.vcxproj]



